<?xml version="1.0" encoding="UTF-8"?>
<testng-results skipped="0" failed="0" total="1" passed="1">
  <reporter-output>
  </reporter-output>
  <suite name="Default suite" duration-ms="8708" started-at="2021-09-23T08:23:48Z" finished-at="2021-09-23T08:23:57Z">
    <groups>
    </groups>
    <test name="Default test" duration-ms="8708" started-at="2021-09-23T08:23:48Z" finished-at="2021-09-23T08:23:57Z">
      <class name="maven123.Action1">
        <test-method status="PASS" signature="demo1()[pri:0, instance:maven123.Action1@7dc36524]" name="demo1" duration-ms="8689" started-at="2021-09-23T13:53:48Z" finished-at="2021-09-23T13:53:57Z">
          <reporter-output>
          </reporter-output>
        </test-method> <!-- demo1 -->
      </class> <!-- maven123.Action1 -->
    </test> <!-- Default test -->
  </suite> <!-- Default suite -->
</testng-results>
